<?xml version="1.0" encoding="UTF-8"?>
<!-- Generated by org.testng.reporters.JUnitXMLReporter -->
<testsuite ignored="4" hostname="Rayhans-MacBook-Air.local" failures="0" tests="1" name="Default test" time="5.595" errors="0" timestamp="2023-09-02T00:40:42 EDT">
  <testcase classname="com.letcode.in_Test.ButtonClick_Test" name="didbleButton" time="2.813"/>
  <testcase classname="com.letcode.in_Test.ButtonClick_Test" name="verifyingHoldButton" time="0.0">
    <ignored/>
  </testcase> <!-- verifyingHoldButton -->
  <testcase classname="com.letcode.in_Test.ButtonClick_Test" name="veryFyingButtonOnHomePageHowTallFatButton" time="0.0">
    <ignored/>
  </testcase> <!-- veryFyingButtonOnHomePageHowTallFatButton -->
  <testcase classname="com.letcode.in_Test.ButtonClick_Test" name="buttonHoldVerify" time="0.0">
    <ignored/>
  </testcase> <!-- buttonHoldVerify -->
  <testcase classname="com.letcode.in_Test.ButtonClick_Test" name="veryfingGotoHomeButton" time="0.0">
    <ignored/>
  </testcase> <!-- veryfingGotoHomeButton -->
</testsuite> <!-- Default test -->
