<?xml version="1.0" encoding="UTF-8"?>
<!-- Generated by org.testng.reporters.JUnitXMLReporter -->
<testsuite ignored="2" hostname="Rayhans-MacBook-Air.local" failures="0" tests="1" name="Default test" time="4.423" errors="0" timestamp="2023-08-21T19:04:05 EDT">
  <testcase classname="com.letcode.in_Test.Select_Test" name="verifyingselectLastPrograme" time="2.517"/>
  <testcase classname="com.letcode.in_Test.Select_Test" name="verifyingSuperHeros" time="0.0">
    <ignored/>
  </testcase> <!-- verifyingSuperHeros -->
  <testcase classname="com.letcode.in_Test.Select_Test" name="verifyingvisibletext" time="0.0">
    <ignored/>
  </testcase> <!-- verifyingvisibletext -->
</testsuite> <!-- Default test -->
