<?xml version="1.0" encoding="UTF-8"?>
<!-- Generated by org.testng.reporters.JUnitXMLReporter -->
<testsuite ignored="2" hostname="Rayhans-MacBook-Air.local" failures="3" tests="3" name="release 2023.9 sanity" time="0.022" errors="0" timestamp="2023-09-01T23:16:10 EDT">
  <testcase classname="com.letcode.in_Test.ButtonClick_Test" name="buttonHoldVerify" time="0.006">
    <failure type="java.lang.NullPointerException" message="Cannot invoke &amp;quot;com.letcode.in_Lib.AppLib.flow()&amp;quot; because the return value of &amp;quot;com.letcode.in_Test.ButtonClick_Test.app()&amp;quot; is null">
      <![CDATA[java.lang.NullPointerException: Cannot invoke "com.letcode.in_Lib.AppLib.flow()" because the return value of "com.letcode.in_Test.ButtonClick_Test.app()" is null
at com.letcode.in_Test.ButtonClick_Test.buttonHoldVerify(ButtonClick_Test.java:67)
at java.base/java.util.ArrayList.forEach(ArrayList.java:1511)
... Removed 25 stack frames]]>
    </failure>
  </testcase> <!-- buttonHoldVerify -->
  <testcase classname="com.letcode.in_Test.ButtonClick_Test" name="didbleButton" time="0.0">
    <failure type="java.lang.NullPointerException" message="Cannot invoke &amp;quot;com.letcode.in_Lib.AppLib.flow()&amp;quot; because the return value of &amp;quot;com.letcode.in_Test.ButtonClick_Test.app()&amp;quot; is null">
      <![CDATA[java.lang.NullPointerException: Cannot invoke "com.letcode.in_Lib.AppLib.flow()" because the return value of "com.letcode.in_Test.ButtonClick_Test.app()" is null
at com.letcode.in_Test.ButtonClick_Test.didbleButton(ButtonClick_Test.java:87)
at java.base/java.util.ArrayList.forEach(ArrayList.java:1511)
... Removed 25 stack frames]]>
    </failure>
  </testcase> <!-- didbleButton -->
  <testcase classname="com.letcode.in_Test.ButtonClick_Test" name="veryfingGotoHomeButton" time="0.001">
    <failure type="java.lang.NullPointerException" message="Cannot invoke &amp;quot;com.letcode.in_Lib.AppLib.flow()&amp;quot; because the return value of &amp;quot;com.letcode.in_Test.ButtonClick_Test.app()&amp;quot; is null">
      <![CDATA[java.lang.NullPointerException: Cannot invoke "com.letcode.in_Lib.AppLib.flow()" because the return value of "com.letcode.in_Test.ButtonClick_Test.app()" is null
at com.letcode.in_Test.ButtonClick_Test.veryfingGotoHomeButton(ButtonClick_Test.java:42)
at java.base/java.util.ArrayList.forEach(ArrayList.java:1511)
... Removed 25 stack frames]]>
    </failure>
  </testcase> <!-- veryfingGotoHomeButton -->
  <testcase classname="com.letcode.in_Test.ButtonClick_Test" name="verifyingHoldButton" time="0.0">
    <ignored/>
  </testcase> <!-- verifyingHoldButton -->
  <testcase classname="com.letcode.in_Test.ButtonClick_Test" name="veryFyingButtonOnHomePageHowTallFatButton" time="0.0">
    <ignored/>
  </testcase> <!-- veryFyingButtonOnHomePageHowTallFatButton -->
</testsuite> <!-- release 2023.9 sanity -->
