<?xml version="1.0" encoding="UTF-8"?>
<!-- Generated by org.testng.reporters.JUnitXMLReporter -->
<testsuite ignored="4" hostname="Rayhans-MacBook-Air.local" failures="1" tests="1" name="Test" time="0.02" errors="0" timestamp="2023-09-01T22:47:31 EDT">
  <testcase classname="com.letcode.in_Test.ButtonClick_Test" name="veryFyingButtonOnHomePageHowTallFatButton" time="0.005">
    <failure type="java.lang.NullPointerException" message="Cannot invoke &amp;quot;com.letcode.in_Lib.AppLib.flow()&amp;quot; because the return value of &amp;quot;com.letcode.in_Test.ButtonClick_Test.app()&amp;quot; is null">
      <![CDATA[java.lang.NullPointerException: Cannot invoke "com.letcode.in_Lib.AppLib.flow()" because the return value of "com.letcode.in_Test.ButtonClick_Test.app()" is null
at com.letcode.in_Test.ButtonClick_Test.veryFyingButtonOnHomePageHowTallFatButton(ButtonClick_Test.java:20)
at java.base/java.util.concurrent.ThreadPoolExecutor.runWorker(ThreadPoolExecutor.java:1144)
at java.base/java.util.concurrent.ThreadPoolExecutor$Worker.run(ThreadPoolExecutor.java:642)
at java.base/java.lang.Thread.run(Thread.java:1623)
... Removed 10 stack frames]]>
    </failure>
  </testcase> <!-- veryFyingButtonOnHomePageHowTallFatButton -->
  <testcase classname="com.letcode.in_Test.ButtonClick_Test" name="veryfingGotoHomeButton" time="0.0">
    <ignored/>
  </testcase> <!-- veryfingGotoHomeButton -->
  <testcase classname="com.letcode.in_Test.ButtonClick_Test" name="buttonHoldVerify" time="0.0">
    <ignored/>
  </testcase> <!-- buttonHoldVerify -->
  <testcase classname="com.letcode.in_Test.ButtonClick_Test" name="didbleButton" time="0.0">
    <ignored/>
  </testcase> <!-- didbleButton -->
  <testcase classname="com.letcode.in_Test.ButtonClick_Test" name="verifyingHoldButton" time="0.0">
    <ignored/>
  </testcase> <!-- verifyingHoldButton -->
</testsuite> <!-- Test -->
