<?xml version="1.0" encoding="UTF-8"?>
<!-- Generated by org.testng.reporters.JUnitXMLReporter -->
<testsuite ignored="2" hostname="Rayhans-MacBook-Air.local" failures="0" tests="3" name="Test" time="15.075" errors="0" timestamp="2023-09-02T01:10:44 EDT">
  <testcase classname="com.letcode.in_Test.ButtonClick_Test" name="buttonHoldVerify" time="2.225"/>
  <testcase classname="com.letcode.in_Test.ButtonClick_Test" name="didbleButton" time="2.865"/>
  <testcase classname="com.letcode.in_Test.ButtonClick_Test" name="veryfingGotoHomeButton" time="3.298"/>
  <testcase classname="com.letcode.in_Test.ButtonClick_Test" name="veryFyingButtonOnHomePageHowTallFatButton" time="0.0">
    <ignored/>
  </testcase> <!-- veryFyingButtonOnHomePageHowTallFatButton -->
  <testcase classname="com.letcode.in_Test.ButtonClick_Test" name="verifyingHoldButton" time="0.0">
    <ignored/>
  </testcase> <!-- verifyingHoldButton -->
</testsuite> <!-- Test -->
