<?xml version="1.0" encoding="UTF-8"?>
<!-- Generated by org.testng.reporters.JUnitXMLReporter -->
<testsuite ignored="1" hostname="Rayhans-MacBook-Air.local" failures="4" tests="4" name="release 2023.9 sanity" time="0.025" errors="0" timestamp="2023-09-01T22:40:42 EDT">
  <testcase classname="com.letcode.in_Test.ButtonClick_Test" name="buttonHoldVerify" time="0.004">
    <failure type="java.lang.NullPointerException" message="Cannot invoke &amp;quot;com.letcode.in_Lib.AppLib.flow()&amp;quot; because the return value of &amp;quot;com.letcode.in_Test.ButtonClick_Test.app()&amp;quot; is null">
      <![CDATA[java.lang.NullPointerException: Cannot invoke "com.letcode.in_Lib.AppLib.flow()" because the return value of "com.letcode.in_Test.ButtonClick_Test.app()" is null
at com.letcode.in_Test.ButtonClick_Test.buttonHoldVerify(ButtonClick_Test.java:64)
at java.base/java.util.ArrayList.forEach(ArrayList.java:1511)
... Removed 25 stack frames]]>
    </failure>
  </testcase> <!-- buttonHoldVerify -->
  <testcase classname="com.letcode.in_Test.ButtonClick_Test" name="didbleButton" time="0.001">
    <failure type="java.lang.NullPointerException" message="Cannot invoke &amp;quot;com.letcode.in_Lib.AppLib.flow()&amp;quot; because the return value of &amp;quot;com.letcode.in_Test.ButtonClick_Test.app()&amp;quot; is null">
      <![CDATA[java.lang.NullPointerException: Cannot invoke "com.letcode.in_Lib.AppLib.flow()" because the return value of "com.letcode.in_Test.ButtonClick_Test.app()" is null
at com.letcode.in_Test.ButtonClick_Test.didbleButton(ButtonClick_Test.java:84)
at java.base/java.util.ArrayList.forEach(ArrayList.java:1511)
... Removed 25 stack frames]]>
    </failure>
  </testcase> <!-- didbleButton -->
  <testcase classname="com.letcode.in_Test.ButtonClick_Test" name="veryFyingButtonOnHomePageHowTallFatButton" time="0.001">
    <failure type="java.lang.NullPointerException" message="Cannot invoke &amp;quot;com.letcode.in_Lib.AppLib.flow()&amp;quot; because the return value of &amp;quot;com.letcode.in_Test.ButtonClick_Test.app()&amp;quot; is null">
      <![CDATA[java.lang.NullPointerException: Cannot invoke "com.letcode.in_Lib.AppLib.flow()" because the return value of "com.letcode.in_Test.ButtonClick_Test.app()" is null
at com.letcode.in_Test.ButtonClick_Test.veryFyingButtonOnHomePageHowTallFatButton(ButtonClick_Test.java:17)
at java.base/java.util.ArrayList.forEach(ArrayList.java:1511)
... Removed 25 stack frames]]>
    </failure>
  </testcase> <!-- veryFyingButtonOnHomePageHowTallFatButton -->
  <testcase classname="com.letcode.in_Test.ButtonClick_Test" name="veryfingGotoHomeButton" time="0.001">
    <failure type="java.lang.NullPointerException" message="Cannot invoke &amp;quot;com.letcode.in_Lib.AppLib.flow()&amp;quot; because the return value of &amp;quot;com.letcode.in_Test.ButtonClick_Test.app()&amp;quot; is null">
      <![CDATA[java.lang.NullPointerException: Cannot invoke "com.letcode.in_Lib.AppLib.flow()" because the return value of "com.letcode.in_Test.ButtonClick_Test.app()" is null
at com.letcode.in_Test.ButtonClick_Test.veryfingGotoHomeButton(ButtonClick_Test.java:39)
at java.base/java.util.ArrayList.forEach(ArrayList.java:1511)
... Removed 25 stack frames]]>
    </failure>
  </testcase> <!-- veryfingGotoHomeButton -->
  <testcase classname="com.letcode.in_Test.ButtonClick_Test" name="verifyingHoldButton" time="0.0">
    <ignored/>
  </testcase> <!-- verifyingHoldButton -->
</testsuite> <!-- release 2023.9 sanity -->
