<?xml version="1.0" encoding="UTF-8"?>
<testng-results ignored="0" total="1" passed="1" failed="0" skipped="0">
  <reporter-output>
  </reporter-output>
  <suite started-at="2023-09-02T00:40:36 EDT" name="Default suite" finished-at="2023-09-02T00:40:42 EDT" duration-ms="5595">
    <groups>
      <group name="regression">
        <method signature="ButtonClick_Test.didbleButton()[pri:0, instance:com.letcode.in_Test.ButtonClick_Test@4ac3c60d]" name="didbleButton" class="com.letcode.in_Test.ButtonClick_Test"/>
      </group> <!-- regression -->
    </groups>
    <test started-at="2023-09-02T00:40:36 EDT" name="Default test" finished-at="2023-09-02T00:40:42 EDT" duration-ms="5595">
      <class name="com.letcode.in_Test.ButtonClick_Test">
        <test-method is-config="true" signature="setUp(java.lang.String)[pri:0, instance:com.letcode.in_Test.ButtonClick_Test@4ac3c60d]" started-at="2023-09-02T00:40:36 EDT" name="setUp" finished-at="2023-09-02T00:40:39 EDT" duration-ms="2765" status="PASS">
          <params>
            <param index="0">
              <value>
                <![CDATA[chrome]]>
              </value>
            </param>
          </params>
          <reporter-output>
          </reporter-output>
        </test-method> <!-- setUp -->
        <test-method signature="didbleButton()[pri:0, instance:com.letcode.in_Test.ButtonClick_Test@4ac3c60d]" started-at="2023-09-02T00:40:39 EDT" name="didbleButton" finished-at="2023-09-02T00:40:42 EDT" duration-ms="2813" status="PASS">
          <reporter-output>
          </reporter-output>
        </test-method> <!-- didbleButton -->
        <test-method is-config="true" signature="tearUp()[pri:0, instance:com.letcode.in_Test.ButtonClick_Test@4ac3c60d]" started-at="2023-09-02T00:40:42 EDT" name="tearUp" finished-at="2023-09-02T00:40:42 EDT" duration-ms="0" status="PASS">
          <reporter-output>
          </reporter-output>
        </test-method> <!-- tearUp -->
      </class> <!-- com.letcode.in_Test.ButtonClick_Test -->
    </test> <!-- Default test -->
  </suite> <!-- Default suite -->
</testng-results>
