<?xml version="1.0" encoding="UTF-8"?>
<testng-results ignored="0" total="1" passed="1" failed="0" skipped="0">
  <reporter-output>
  </reporter-output>
  <suite started-at="2023-08-30T22:13:46 EDT" name="Default suite" finished-at="2023-08-30T22:13:50 EDT" duration-ms="4657">
    <groups>
    </groups>
    <test started-at="2023-08-30T22:13:46 EDT" name="Default test" finished-at="2023-08-30T22:13:50 EDT" duration-ms="4657">
      <class name="com.letcode.in_Test.RadioButton_Test">
        <test-method is-config="true" signature="setUp()[pri:0, instance:com.letcode.in_Test.RadioButton_Test@619713e5]" started-at="2023-08-30T22:13:46 EDT" name="setUp" finished-at="2023-08-30T22:13:48 EDT" duration-ms="1880" status="PASS">
          <reporter-output>
          </reporter-output>
        </test-method> <!-- setUp -->
        <test-method signature="verifyingRadioButton()[pri:0, instance:com.letcode.in_Test.RadioButton_Test@619713e5]" started-at="2023-08-30T22:13:48 EDT" name="verifyingRadioButton" finished-at="2023-08-30T22:13:50 EDT" duration-ms="2763" status="PASS">
          <reporter-output>
          </reporter-output>
        </test-method> <!-- verifyingRadioButton -->
        <test-method is-config="true" signature="tearUp()[pri:0, instance:com.letcode.in_Test.RadioButton_Test@619713e5]" started-at="2023-08-30T22:13:50 EDT" name="tearUp" finished-at="2023-08-30T22:13:50 EDT" duration-ms="0" status="PASS">
          <reporter-output>
          </reporter-output>
        </test-method> <!-- tearUp -->
      </class> <!-- com.letcode.in_Test.RadioButton_Test -->
    </test> <!-- Default test -->
  </suite> <!-- Default suite -->
</testng-results>
